<?xml version="1.0" encoding="UTF-8"?>
<!-- Generated by org.testng.reporters.JUnitXMLReporter -->
<testsuite hostname="ANKUR-JH9R5PSD" ignored="0" name="Test1" tests="3" failures="0" timestamp="2022-01-07T14:48:42 IST" time="0.043" errors="0">
  <testcase name="DashboardTest" time="0.005" classname="com.test.TestngBasicss"/>
  <testcase name="SearchTest" time="0.0" classname="com.test.TestngBasicss"/>
  <testcase name="ValidateTitleTest" time="0.001" classname="com.test.TestngBasicss"/>
</testsuite> <!-- Test1 -->
